0	12:11:38.317	Compiling 'MACD Sample'
0	12:11:38.317	Compiling 'Moving Average'
0	12:11:39.710	Compiling 'Accelerator'
0	12:11:39.710	Compiling 'Accumulation'
0	12:11:39.710	Compiling 'Alligator'
0	12:11:39.710	Compiling 'ATR'
0	12:11:39.710	Compiling 'Awesome'
0	12:11:39.710	Compiling 'Bands'
0	12:11:39.710	Compiling 'Bears'
0	12:11:39.710	Compiling 'Bulls'
0	12:11:39.710	Compiling 'CCI'
0	12:11:39.710	Compiling 'Custom Moving Averages'
0	12:11:39.710	Compiling 'Heiken Ashi'
0	12:11:39.710	Compiling 'Ichimoku'
0	12:11:39.710	Compiling 'iExposure'
0	12:11:39.710	Compiling 'MACD'
0	12:11:39.710	Compiling 'Momentum'
0	12:11:39.710	Compiling 'OsMA'
0	12:11:39.710	Compiling 'Parabolic'
0	12:11:39.710	Compiling 'RSI'
0	12:11:39.710	Compiling 'Stochastic'
0	12:11:39.710	Compiling 'ZigZag'
0	12:11:39.710	Compiling 'SimplePanel'
0	12:11:49.699	Compiling 'PeriodConverter'
0	12:11:49.699	Compiling 'DLLSampleTester'
0	12:11:49.699	Compiling 'PipeClient'
0	12:11:49.699	Compiling 'PipeClientPure'
0	12:11:51.482	Compiling 'stdlib'
0	13:47:59.719	Compiling '1.TapHopCacHamCanDUng'
0	13:47:59.719	Compiling 'test'
0	13:47:59.719	Compiling 'test2'
